0 info it worked if it ends with ok
1 verbose cli [ 'node', '/usr/local/bin/npm', 'list', '-g' ]
2 info using npm@2.0.2
3 info using node@v0.10.32
4 verbose type called_on_non_object
5 verbose stack TypeError: Object.keys called on non-object
5 verbose stack     at Function.keys (native)
5 verbose stack     at unmarkExtraneous (/usr/local/lib/node_modules/npm/node_modules/read-installed/read-installed.js:362:10)
5 verbose stack     at /usr/local/lib/node_modules/npm/node_modules/read-installed/read-installed.js:137:5
5 verbose stack     at next (/usr/local/lib/node_modules/npm/node_modules/read-installed/read-installed.js:185:14)
5 verbose stack     at /usr/local/lib/node_modules/npm/node_modules/read-installed/read-installed.js:169:14
5 verbose stack     at Object.oncomplete (evalmachine.<anonymous>:107:15)
6 verbose cwd /Library/WebServer/Documents/node/emethma
7 error Darwin 15.0.0
8 error argv "node" "/usr/local/bin/npm" "list" "-g"
9 error node v0.10.32
10 error npm  v2.0.2
11 error Object.keys called on non-object
12 error If you need help, you may report this error at:
12 error     <http://github.com/npm/npm/issues>
13 verbose exit [ 1, true ]
